<?xml version="1.0" encoding="UTF-8"?>
<!-- Generated by org.testng.reporters.JUnitXMLReporter -->
<testsuite ignored="0" hostname="Exclusive" failures="0" tests="5" name="Default test" time="31.286" errors="0" timestamp="2023-10-15T23:26:49 CDT">
  <testcase classname="MavenTest111.LoginTest" name="wrongUsernameTest" time="6.741"/>
  <testcase classname="MavenTest111.LoginTest" name="wrongPasswordTest" time="6.126"/>
  <testcase classname="MavenTest111.LoginTest" name="usingproblemuser" time="6.096"/>
  <testcase classname="MavenTest111.LoginTest" name="lockedOutUserTest" time="6.128"/>
  <testcase classname="MavenTest111.LoginTest" name="positivelogintest" time="6.153"/>
</testsuite> <!-- Default test -->
