<?xml version="1.0" encoding="UTF-8"?>
<testng-results ignored="0" total="5" passed="5" failed="0" skipped="0">
  <reporter-output>
  </reporter-output>
  <suite started-at="2023-10-15T23:26:18 CDT" name="Default suite" finished-at="2023-10-15T23:26:49 CDT" duration-ms="31286">
    <groups>
    </groups>
    <test started-at="2023-10-15T23:26:18 CDT" name="Default test" finished-at="2023-10-15T23:26:49 CDT" duration-ms="31286">
      <class name="MavenTest111.LoginTest">
        <test-method signature="wrongUsernameTest()[pri:1, instance:MavenTest111.LoginTest@3ba9ad43]" started-at="2023-10-15T23:26:18 CDT" name="wrongUsernameTest" finished-at="2023-10-15T23:26:25 CDT" duration-ms="6741" status="PASS">
          <reporter-output>
          </reporter-output>
        </test-method> <!-- wrongUsernameTest -->
        <test-method signature="wrongPasswordTest()[pri:2, instance:MavenTest111.LoginTest@3ba9ad43]" started-at="2023-10-15T23:26:25 CDT" name="wrongPasswordTest" finished-at="2023-10-15T23:26:31 CDT" duration-ms="6126" status="PASS">
          <reporter-output>
          </reporter-output>
        </test-method> <!-- wrongPasswordTest -->
        <test-method signature="usingproblemuser()[pri:3, instance:MavenTest111.LoginTest@3ba9ad43]" started-at="2023-10-15T23:26:31 CDT" name="usingproblemuser" finished-at="2023-10-15T23:26:37 CDT" duration-ms="6096" status="PASS">
          <reporter-output>
          </reporter-output>
        </test-method> <!-- usingproblemuser -->
        <test-method signature="lockedOutUserTest()[pri:4, instance:MavenTest111.LoginTest@3ba9ad43]" started-at="2023-10-15T23:26:37 CDT" name="lockedOutUserTest" finished-at="2023-10-15T23:26:43 CDT" duration-ms="6128" status="PASS">
          <reporter-output>
          </reporter-output>
        </test-method> <!-- lockedOutUserTest -->
        <test-method signature="positivelogintest()[pri:5, instance:MavenTest111.LoginTest@3ba9ad43]" started-at="2023-10-15T23:26:43 CDT" name="positivelogintest" finished-at="2023-10-15T23:26:49 CDT" duration-ms="6153" status="PASS">
          <reporter-output>
          </reporter-output>
        </test-method> <!-- positivelogintest -->
      </class> <!-- MavenTest111.LoginTest -->
    </test> <!-- Default test -->
  </suite> <!-- Default suite -->
</testng-results>
